<<<<<<< Updated upstream
This is pdfTeX, Version 3.1415926-2.5-1.40.14 (TeX Live 2013/Debian) (format=pdflatex 2015.4.17)  16 OCT 2015 15:53
=======
This is pdfTeX, Version 3.14159265-2.6-1.40.15 (TeX Live 2014) (preloaded format=pdflatex 2015.1.23)  16 OCT 2015 15:47
>>>>>>> Stashed changes
entering extended mode
 restricted \write18 enabled.
 %&-line parsing enabled.
**WWW
(./WWW.tex
LaTeX2e <2011/06/27>
Babel <3.9h> and hyphenation patterns for 26 languages loaded.
(./acm_proc_article-sp.cls
(/usr/share/texlive/texmf-dist/tex/latex/graphics/epsfig.sty
Package: epsfig 1999/02/16 v1.7a (e)psfig emulation (SPQR)

(/usr/share/texlive/texmf-dist/tex/latex/graphics/graphicx.sty
Package: graphicx 1999/02/16 v1.0f Enhanced LaTeX Graphics (DPC,SPQR)

(/usr/share/texlive/texmf-dist/tex/latex/graphics/keyval.sty
Package: keyval 1999/03/16 v1.13 key=value parser (DPC)
\KV@toks@=\toks14
)
(/usr/share/texlive/texmf-dist/tex/latex/graphics/graphics.sty
Package: graphics 2009/02/05 v1.0o Standard LaTeX Graphics (DPC,SPQR)

(/usr/share/texlive/texmf-dist/tex/latex/graphics/trig.sty
Package: trig 1999/03/16 v1.09 sin cos tan (DPC)
)
(/etc/texmf/tex/latex/config/graphics.cfg
File: graphics.cfg 2009/08/28 v1.8 graphics configuration of TeX Live
)
Package graphics Info: Driver file: pdftex.def on input line 91.

(/usr/share/texlive/texmf-dist/tex/latex/pdftex-def/pdftex.def
File: pdftex.def 2011/05/27 v0.06d Graphics/color for pdfTeX

(/usr/share/texlive/texmf-dist/tex/generic/oberdiek/infwarerr.sty
Package: infwarerr 2010/04/08 v1.3 Providing info/warning/error messages (HO)
)
(/usr/share/texlive/texmf-dist/tex/generic/oberdiek/ltxcmds.sty
Package: ltxcmds 2011/11/09 v1.22 LaTeX kernel commands for general use (HO)
)
\Gread@gobject=\count79
))
\Gin@req@height=\dimen102
\Gin@req@width=\dimen103
)
\epsfxsize=\dimen104
\epsfysize=\dimen105
)
(/usr/share/texlive/texmf-dist/tex/latex/amsfonts/amssymb.sty
Package: amssymb 2013/01/14 v3.01 AMS font symbols

(/usr/share/texlive/texmf-dist/tex/latex/amsfonts/amsfonts.sty
Package: amsfonts 2013/01/14 v3.01 Basic AMSFonts support
\@emptytoks=\toks15
\symAMSa=\mathgroup4
\symAMSb=\mathgroup5
LaTeX Font Info:    Overwriting math alphabet `\mathfrak' in version `bold'
(Font)                  U/euf/m/n --> U/euf/b/n on input line 106.
))
(/usr/share/texlive/texmf-dist/tex/latex/amsmath/amsmath.sty
Package: amsmath 2013/01/14 v2.14 AMS math features
\@mathmargin=\skip41

For additional information on amsmath, use the `?' option.
(/usr/share/texlive/texmf-dist/tex/latex/amsmath/amstext.sty
Package: amstext 2000/06/29 v2.01

(/usr/share/texlive/texmf-dist/tex/latex/amsmath/amsgen.sty
File: amsgen.sty 1999/11/30 v2.0
\@emptytoks=\toks16
\ex@=\dimen106
))
(/usr/share/texlive/texmf-dist/tex/latex/amsmath/amsbsy.sty
Package: amsbsy 1999/11/29 v1.2d
\pmbraise@=\dimen107
)
(/usr/share/texlive/texmf-dist/tex/latex/amsmath/amsopn.sty
Package: amsopn 1999/12/14 v2.01 operator names
)
\inf@bad=\count80
LaTeX Info: Redefining \frac on input line 210.
\uproot@=\count81
\leftroot@=\count82
LaTeX Info: Redefining \overline on input line 306.
\classnum@=\count83
\DOTSCASE@=\count84
LaTeX Info: Redefining \ldots on input line 378.
LaTeX Info: Redefining \dots on input line 381.
LaTeX Info: Redefining \cdots on input line 466.
\Mathstrutbox@=\box26
\strutbox@=\box27
\big@size=\dimen108
LaTeX Font Info:    Redeclaring font encoding OML on input line 566.
LaTeX Font Info:    Redeclaring font encoding OMS on input line 567.
\macc@depth=\count85
\c@MaxMatrixCols=\count86
\dotsspace@=\muskip10
\c@parentequation=\count87
\dspbrk@lvl=\count88
\tag@help=\toks17
\row@=\count89
\column@=\count90
\maxfields@=\count91
\andhelp@=\toks18
\eqnshift@=\dimen109
\alignsep@=\dimen110
\tagshift@=\dimen111
\tagwidth@=\dimen112
\totwidth@=\dimen113
\lineht@=\dimen114
\@envbody=\toks19
\multlinegap=\skip42
\multlinetaggap=\skip43
\mathdisplay@stack=\toks20
LaTeX Info: Redefining \[ on input line 2665.
LaTeX Info: Redefining \] on input line 2666.
)
Document Class 'acm_proc_article-sp' <22nd. April '09>. Modified by G.K.M. Tobi
n
Based in part upon document Style `acmconf' <22 May 89>. Hacked 4/91 by
shivers@cs.cmu.edu, 4/93 by theobald@cs.mcgill.ca
Excerpts were taken from (Journal Style) 'esub2acm.cls'.
****** Bugs/comments/suggestions to Gerry Murray -- murray@hq.acm.org ******
\footheight=\dimen115
\@maxsep=\dimen116
\@dblmaxsep=\dimen117
\aucount=\count92
\originalaucount=\count93
\auwidth=\dimen118
\auskip=\dimen119
\auskipcount=\count94
\auskip=\dimen120
\allauboxes=\dimen121
\addauthors=\toks21
\addauflag=\count95
\subtitletext=\toks22
\savesection=\count96
\sectioncntr=\count97
\c@figure=\count98
\c@table=\count99
\titleboxnotes=\toks23
\titleboxnoteflag=\count100
Document Class: acm_proc_article-sp 2009/04/22 - V3.2SP - based on esub2acm.sty
 <23 April 96>
(/usr/share/texlive/texmf-dist/tex/latex/base/latexsym.sty
Package: latexsym 1998/08/17 v2.2e Standard LaTeX package (lasy symbols)
\symlasy=\mathgroup6
LaTeX Font Info:    Overwriting symbol font `lasy' in version `bold'
(Font)                  U/lasy/m/n --> U/lasy/b/n on input line 47.
)
\@acmtitlebox=\box28
\titlenotecount=\count101
\tntoks=\toks24
\tntokstwo=\toks25
\tntoksthree=\toks26
\tntoksfour=\toks27
\tntoksfive=\toks28
\catcount=\count102
\copyrightnotice=\toks29
\conf=\toks30
\confinfo=\toks31
\c@part=\count103
\c@section=\count104
\c@subsection=\count105
\c@subsubsection=\count106
\c@paragraph=\count107

Using 'Abbrev' bibliography style
LaTeX Info: Redefining \cite on input line 1236.
\bibindent=\dimen122
\colcntr=\count108
\saveb@x=\box29
\copyrtyr=\toks32
\acmcopyr=\toks33
\boilerplate=\toks34
\copyrightetc=\toks35
(/usr/share/texlive/texmf-dist/tex/latex/base/fontenc.sty
Package: fontenc 2005/09/27 v1.99g Standard LaTeX package

(/usr/share/texlive/texmf-dist/tex/latex/base/t1enc.def
File: t1enc.def 2005/09/27 v1.99g Standard LaTeX file
LaTeX Font Info:    Redeclaring font encoding T1 on input line 43.
)
LaTeX Font Info:    Try loading font information for T1+aer on input line 100.

(/usr/share/texlive/texmf-dist/tex/latex/ae/t1aer.fd
File: t1aer.fd 1997/11/16 Font definitions for T1/aer.
)))
(/usr/share/texlive/texmf-dist/tex/latex/url/url.sty
\Urlmuskip=\muskip11
Package: url 2013/09/16  ver 3.4  Verb mode for urls, etc.
)
\c@definition=\count109
\c@theorem=\count110
\c@proposition=\count111
\c@lemma=\count112
\c@conjecture=\count113

(/usr/share/texlive/texmf-dist/tex/latex/subfig/subfig.sty
Package: subfig 2005/06/28 ver: 1.3 subfig package

(/usr/share/texlive/texmf-dist/tex/latex/caption/caption.sty
Package: caption 2013/05/02 v3.3-89 Customizing captions (AR)

(/usr/share/texlive/texmf-dist/tex/latex/caption/caption3.sty
Package: caption3 2013/05/02 v1.6-88 caption3 kernel (AR)
Package caption3 Info: TeX engine: e-TeX on input line 57.
\captionmargin=\dimen123
\captionmargin@=\dimen124
\captionwidth=\dimen125
\caption@tempdima=\dimen126
\caption@indent=\dimen127
\caption@parindent=\dimen128
\caption@hangindent=\dimen129
\abovecaptionskip=\skip44
\belowcaptionskip=\skip45
Package caption Info: Unknown document class (or package),
(caption)             standard defaults will be used.
)

Package caption Warning: Unsupported document class (or package) detected,
(caption)                usage of the caption package is not recommended.
See the caption package documentation for explanation.

Package caption Info: \@makecaption = \long macro:#1#2-> \vskip \baselineskip \
setbox \@tempboxa \hbox {\textbf {#1: #2}} \ifdim \wd \@tempboxa >\hsize \textb
f {#1: #2}\par \else \hbox to\hsize {\hfil \box \@tempboxa \hfil }\par \fi .
\c@ContinuedFloat=\count114
)
\c@KVtest=\count115
\sf@farskip=\skip46
\sf@captopadj=\dimen130
\sf@capskip=\skip47
\sf@nearskip=\skip48
\c@subfigure=\count116
\c@subfigure@save=\count117
\c@lofdepth=\count118
\c@subtable=\count119
\c@subtable@save=\count120
\c@lotdepth=\count121
\sf@top=\skip49
\sf@bottom=\skip50
) (/usr/share/texlive/texmf-dist/tex/latex/graphics/color.sty
Package: color 2005/11/14 v1.0j Standard LaTeX Color (DPC)

(/etc/texmf/tex/latex/config/color.cfg
File: color.cfg 2007/01/18 v1.5 color configuration of teTeX/TeXLive
)
Package color Info: Driver file: pdftex.def on input line 130.
) (./WWW.aux)
\openout1 = `WWW.aux'.

LaTeX Font Info:    Checking defaults for OML/cmm/m/it on input line 21.
LaTeX Font Info:    ... okay on input line 21.
LaTeX Font Info:    Checking defaults for T1/cmr/m/n on input line 21.
LaTeX Font Info:    ... okay on input line 21.
LaTeX Font Info:    Checking defaults for OT1/cmr/m/n on input line 21.
LaTeX Font Info:    ... okay on input line 21.
LaTeX Font Info:    Checking defaults for OMS/cmsy/m/n on input line 21.
LaTeX Font Info:    ... okay on input line 21.
LaTeX Font Info:    Checking defaults for OMX/cmex/m/n on input line 21.
LaTeX Font Info:    ... okay on input line 21.
LaTeX Font Info:    Checking defaults for U/cmr/m/n on input line 21.
LaTeX Font Info:    ... okay on input line 21.

(/usr/share/texlive/texmf-dist/tex/context/base/supp-pdf.mkii
[Loading MPS to PDF converter (version 2006.09.02).]
\scratchcounter=\count122
\scratchdimen=\dimen131
\scratchbox=\box30
\nofMPsegments=\count123
\nofMParguments=\count124
\everyMPshowfont=\toks36
\MPscratchCnt=\count125
\MPscratchDim=\dimen132
\MPnumerator=\count126
\makeMPintoPDFobject=\count127
\everyMPtoPDFconversion=\toks37
)
Package caption Info: Begin \AtBeginDocument code.
Package caption Info: subfig package v1.3 is loaded.
Package caption Info: End \AtBeginDocument code.
LaTeX Font Info:    Try loading font information for U+msa on input line 33.
 (/usr/share/texlive/texmf-dist/tex/latex/amsfonts/umsa.fd
File: umsa.fd 2013/01/14 v3.01 AMS symbols A
)
LaTeX Font Info:    Try loading font information for U+msb on input line 33.

(/usr/share/texlive/texmf-dist/tex/latex/amsfonts/umsb.fd
File: umsb.fd 2013/01/14 v3.01 AMS symbols B
)
LaTeX Font Info:    Try loading font information for U+lasy on input line 33.

(/usr/share/texlive/texmf-dist/tex/latex/base/ulasy.fd
File: ulasy.fd 1998/08/17 v2.2e LaTeX symbol font definitions
)
LaTeX Font Info:    Try loading font information for T1+aett on input line 33.

(/usr/share/texlive/texmf-dist/tex/latex/ae/t1aett.fd
File: t1aett.fd 1997/11/16 Font definitions for T1/aett.
)
Overfull \hbox (1.26794pt too wide) in paragraph at lines 50--51
\T1/aer/m/n/9 H.4 [\T1/aer/bx/n/9 Information Sys-tems Ap-pli-ca-tions\T1/aer/m
/n/9 ]: Mis-cel-la-neous;
 []

(./Introduction.tex
Overfull \hbox (2.13661pt too wide) in paragraph at lines 54--2
\T1/aer/m/n/9 Labeling schemes, Power-law graphs , Dis-tributed data struc-
 []


LaTeX Warning: Citation `boldi2004webgraph' on page \thepage  undefined on inpu
t line 6.


LaTeX Warning: Citation `boldi2011layered' on page \thepage  undefined on input
 line 6.


LaTeX Warning: Citation `gonzalez2012powergraph' on page \thepage  undefined on
 input line 6.


LaTeX Warning: Citation `stanton2012streaming' on page \thepage  undefined on i
nput line 6.


LaTeX Warning: Citation `xie2014distributed' on page \thepage  undefined on inp
ut line 6.


LaTeX Warning: Citation `buchegger2009peerson' on page \thepage  undefined on i
nput line 7.


LaTeX Warning: Citation `katz2004labeling' on page \thepage  undefined on input
 line 10.


LaTeX Warning: Citation `gavoillea2004distance' on page \thepage  undefined on 
input line 10.


LaTeX Warning: Citation `brady2006compact' on page \thepage  undefined on input
 line 10.


LaTeX Warning: Citation `gavoille2007shorter' on page \thepage  undefined on in
put line 10.


LaTeX Warning: Citation `korman2007compact' on page \thepage  undefined on inpu
t line 10.


LaTeX Warning: Citation `Korman07' on page \thepage  undefined on input line 10
.


LaTeX Warning: Citation `korman2007general' on page \thepage  undefined on inpu
t line 10.


LaTeX Warning: Citation `caminiti2008engineering' on page \thepage  undefined o
n input line 10.


LaTeX Warning: Citation `dahlgaard2014dynamic' on page \thepage  undefined on i
nput line 10.


LaTeX Warning: Citation `rotbart2014evaluation' on page \thepage  undefined on 
input line 10.


LaTeX Warning: Citation `alstrup2014adjacency' on page \thepage  undefined on i
nput line 10.


LaTeX Warning: Citation `cohen2010labeling' on page \thepage  undefined on inpu
t line 10.


LaTeX Warning: Citation `abraham2011hub' on page \thepage  undefined on input l
ine 10.


LaTeX Warning: Citation `krioukov2004compact' on page \thepage  undefined on in
put line 10.


LaTeX Warning: Citation `DBLP:journals/ton/SiganosFFF03' on page \thepage  unde
fined on input line 12.


LaTeX Warning: Citation `DBLP:conf/podc/AkellaCKS03' on page \thepage  undefine
d on input line 12.


LaTeX Warning: Citation `mitzenmacher2004brief' on page \thepage  undefined on 
input line 12.


LaTeX Warning: Citation `clauset2009power' on page \thepage  undefined on input
 line 12.


LaTeX Warning: Citation `DBLP:journals/jacm/AchlioptasCKM09' on page \thepage  
undefined on input line 13.


LaTeX Warning: Citation `clauset2009power' on page \thepage  undefined on input
 line 13.


Overfull \hbox (3.38988pt too wide) in paragraph at lines 12--17
\T1/aer/m/n/9 net-works is \T1/aer/m/it/9 power-law graphs\T1/aer/m/n/9 : rough
ly, $\OML/cmm/m/it/9 n$\T1/aer/m/n/9 -vertex graphs where
 []

[1{/var/lib/texmf/fonts/map/pdftex/updmap/pdftex.map}


]
Overfull \hbox (1.09473pt too wide) in paragraph at lines 32--35
\subsecfnt scheme[]. \T1/aer/m/n/9 We use our re-stric-tive sub-class of power-
law graphs
 []


Overfull \hbox (5.54124pt too wide) in paragraph at lines 41--44
\T1/aer/m/n/9 Us-ing both real-world (23K-3M ver-tices) and syn-thetic (300K-
 []

<Figures/Principle1.pdf, id=15, 586.491pt x 335.70491pt>
File: Figures/Principle1.pdf Graphic file (type pdf)

<use Figures/Principle1.pdf>
Package pdftex.def Info: Figures/Principle1.pdf used on input line 51.
(pdftex.def)             Requested size: 115.91785pt x 66.35094pt.

<Figures/Principle2.pdf, id=16, 585.29376pt x 359.91664pt>
File: Figures/Principle2.pdf Graphic file (type pdf)

<use Figures/Principle2.pdf>
Package pdftex.def Info: Figures/Principle2.pdf used on input line 55.
(pdftex.def)             Requested size: 115.91785pt x 71.27908pt.

Overfull \hbox (7.22502pt too wide) in paragraph at lines 51--56
 [][][] 
 []


LaTeX Warning: Citation `moon1965minimal' on page \thepage  undefined on input 
line 61.


LaTeX Warning: Citation `alstrup2014adjacency' on page \thepage  undefined on i
nput line 61.


LaTeX Warning: Citation `Alstrup02' on page \thepage  undefined on input line 6
2.


LaTeX Warning: Citation `gavoille2007shorter' on page \thepage  undefined on in
put line 62.


LaTeX Warning: Citation `adjiashvili2014labeling' on page \thepage  undefined o
n input line 62.


LaTeX Warning: Citation `brady2006compact' on page \thepage  undefined on input
 line 64.


LaTeX Warning: Citation `chen2012compact' on page \thepage  undefined on input 
line 64.


LaTeX Warning: Citation `gavoillea2004distance' on page \thepage  undefined on 
input line 64.


LaTeX Warning: Citation `katz2004labeling' on page \thepage  undefined on input
 line 64.


LaTeX Warning: Citation `korman2007compact' on page \thepage  undefined on inpu
t line 65.


LaTeX Warning: Citation `Korman07' on page \thepage  undefined on input line 65
.


LaTeX Warning: Citation `korman2007general' on page \thepage  undefined on inpu
t line 65.


LaTeX Warning: Citation `dahlgaard2014dynamic' on page \thepage  undefined on i
nput line 65.


LaTeX Warning: Citation `caminiti2008engineering' on page \thepage  undefined o
n input line 66.


LaTeX Warning: Citation `fischer2009short' on page \thepage  undefined on input
 line 66.


LaTeX Warning: Citation `rotbart2014evaluation' on page \thepage  undefined on 
input line 66.


LaTeX Warning: Citation `malewicz2010pregel' on page \thepage  undefined on inp
ut line 68.


LaTeX Warning: Citation `gonzalez2012powergraph' on page \thepage  undefined on
 input line 68.


LaTeX Warning: Citation `low2012distributed' on page \thepage  undefined on inp
ut line 68.


LaTeX Warning: Citation `mccunethinking2015' on page \thepage  undefined on inp
ut line 68.

) (./Preliminaries.tex) (./GraphFamilies.tex [2 <./Figures/Principle1.pdf> <./F
igures/Principle2.pdf>]

LaTeX Warning: Citation `clauset2009power' on page \thepage  undefined on input
 line 18.


Overfull \hbox (7.06264pt too wide) in paragraph at lines 43--44
[]\T1/aer/m/it/9 The max-i-mum de-gree in an $\OML/cmm/m/it/9 n$\T1/aer/m/it/9 
-vertex graph
 []


Overfull \hbox (12.68007pt too wide) in paragraph at lines 69--73
\OML/cmm/m/it/9 i[] \OT1/cmr/m/n/9 + 3$\T1/aer/m/n/9 , whence the to-tal num-be
r of edges is at most $[] [][] \OML/cmm/m/it/9 k\OMS/cmsy/m/n/9 j\OML/cmm/m/it/
9 V[]\OMS/cmsy/m/n/9 j$\T1/aer/m/n/9 .
 []

[3]
Overfull \hbox (18.63036pt too wide) in paragraph at lines 96--96
[] 
 []


LaTeX Warning: Citation `eom2011characterizing' on page \thepage  undefined on 
input line 102.


LaTeX Warning: Citation `Sankowski2016PowerLaw' on page \thepage  undefined on 
input line 102.


Overfull \hbox (6.38783pt too wide) in paragraph at lines 101--105
\T1/aer/m/n/9 Numerous prob-a-bilis-tic and de-ter-min-is-tic def-i-ni-tions of
 power-
 []


LaTeX Warning: Citation `Sankowski2016PowerLaw' on page \thepage  undefined on 
input line 108.

) (./LabelingScheme.tex
Overfull \hbox (6.23996pt too wide) in paragraph at lines 31--35
[]$ \T1/aer/m/n/9 then by Def-i-ni-tion 1[] there are at most $\OML/cmm/m/it/9 
C[]n=^^\\OT1/cmr/m/n/9 (\OML/cmm/m/it/9 n\OT1/cmr/m/n/9 )[]$
 []

(./ExpectedUpperBound.tex

LaTeX Warning: Citation `barabasi1999emergence' on page \thepage  undefined on 
input line 3.

[4]

LaTeX Warning: Citation `mitzenmacher2004brief' on page \thepage  undefined on 
input line 5.

)) (./ScaleFree.tex

LaTeX Warning: Citation `barabasi1999emergence' on page \thepage  undefined on 
input line 9.


LaTeX Warning: Citation `DBLP:journals/rsa/BollobasRST01' on page \thepage  und
efined on input line 10.


LaTeX Warning: Citation `goel2006bounded' on page \thepage  undefined on input 
line 11.


LaTeX Warning: Citation `kowalik2006approximation' on page \thepage  undefined 
on input line 20.


LaTeX Warning: Citation `arikati1997efficient' on page \thepage  undefined on i
nput line 20.


LaTeX Warning: Citation `alstrup2015optimal' on page \thepage  undefined on inp
ut line 21.


LaTeX Warning: Citation `waxman1988routing' on page \thepage  undefined on inpu
t line 26.


LaTeX Warning: Citation `calvert1997modeling' on page \thepage  undefined on in
put line 26.


LaTeX Warning: Citation `chung2006complex' on page \thepage  undefined on input
 line 27.

) (./LowerBounds.tex

LaTeX Warning: Citation `moon1965minimal' on page \thepage  undefined on input 
line 5.


LaTeX Warning: Citation `spinrad2003efficient' on page \thepage  undefined on i
nput line 7.

[5]) (./Distance.tex
Underfull \vbox (badness 10000) has occurred while \output is active []



LaTeX Warning: Citation `DBLP:journals/corr/AlstrupDKP15' on page \thepage  und
efined on input line 16.


LaTeX Warning: Citation `DBLP:journals/corr/GawrychowskiKU15' on page \thepage 
 undefined on input line 18.


LaTeX Warning: Citation `Gavoille2001' on page \thepage  undefined on input lin
e 19.

[6]
Overfull \hbox (20.11317pt too wide) in paragraph at lines 60--62
[]\T1/aer/m/n/9 Similarly, for each node $\OML/cmm/m/it/9 v$ \T1/aer/m/n/9 ther
e are at most $[][] \OT1/cmr/m/n/9 =
 []


Overfull \hbox (7.90233pt too wide) in paragraph at lines 63--64
[]\T1/aer/m/n/9 In to-tal, each la-bel thus has size at most $\OML/cmm/m/it/9 O
\OT1/cmr/m/n/9 (\OML/cmm/m/it/9 n[] [] n\OT1/cmr/m/n/9 )$
 []


LaTeX Warning: Citation `DBLP:journals/corr/GawrychowskiKU15' on page \thepage 
 undefined on input line 69.


LaTeX Warning: Citation `chung2004average' on page \thepage  undefined on input
 line 70.

) (./Experimental.tex

LaTeX Warning: Citation `adjiashvili2014labeling' on page \thepage  undefined o
n input line 26.


LaTeX Warning: Citation `alstrup2014adjacency' on page \thepage  undefined on i
nput line 26.


LaTeX Warning: Citation `clauset2009power' on page \thepage  undefined on input
 line 36.


LaTeX Warning: Citation `hakimi1962realizability' on page \thepage  undefined o
n input line 36.


LaTeX Warning: Citation `clauset2009power' on page \thepage  undefined on input
 line 37.

[7]

LaTeX Warning: Citation `albert1999internet' on page \thepage  undefined on inp
ut line 41.


LaTeX Warning: Citation `leskovec2009community' on page \thepage  undefined on 
input line 42.


LaTeX Warning: Citation `newman' on page \thepage  undefined on input line 44.


LaTeX Warning: Citation `clauset2009power' on page \thepage  undefined on input
 line 46.


LaTeX Warning: Citation `newman' on page \thepage  undefined on input line 54.


LaTeX Warning: Citation `leskovec2009community' on page \thepage  undefined on 
input line 55.


LaTeX Warning: Citation `albert1999internet' on page \thepage  undefined on inp
ut line 56.


LaTeX Warning: Citation `takac2012data' on page \thepage  undefined on input li
ne 57.


LaTeX Warning: Citation `?' on page \thepage  undefined on input line 58.


LaTeX Warning: Citation `yang2015defining' on page \thepage  undefined on input
 line 59.


Overfull \hbox (15.94037pt too wide) in paragraph at lines 51--71
 [][] 
 []

<<<<<<< Updated upstream
(./FiguresRealLife.tex
<Figures/barabasi-www.pdf, id=72, 421.575pt x 316.18124pt>
=======
<Figures/synthetic-300k-alpha22.pdf, id=73, 421.575pt x 316.18124pt>
File: Figures/synthetic-300k-alpha22.pdf Graphic file (type pdf)

<use Figures/synthetic-300k-alpha22.pdf>
Package pdftex.def Info: Figures/synthetic-300k-alpha22.pdf used on input line 
87.
(pdftex.def)             Requested size: 201.59692pt x 151.20079pt.

<Figures/synthetic-1M-26.pdf, id=74, 421.575pt x 316.18124pt>
File: Figures/synthetic-1M-26.pdf Graphic file (type pdf)

<use Figures/synthetic-1M-26.pdf>
Package pdftex.def Info: Figures/synthetic-1M-26.pdf used on input line 91.
(pdftex.def)             Requested size: 201.59692pt x 151.20079pt.
 (./FiguresRealLife.tex
<Figures/barabasi-www.pdf, id=75, 421.575pt x 316.18124pt>
>>>>>>> Stashed changes
File: Figures/barabasi-www.pdf Graphic file (type pdf)

<use Figures/barabasi-www.pdf>
Package pdftex.def Info: Figures/barabasi-www.pdf used on input line 6.
(pdftex.def)             Requested size: 201.59692pt x 151.20079pt.

<<<<<<< Updated upstream
<Figures/barabasi-www-ccdf.pdf, id=73, 421.575pt x 316.18124pt>
=======
<Figures/barabasi-www-ccdf.pdf, id=76, 421.575pt x 316.18124pt>
>>>>>>> Stashed changes
File: Figures/barabasi-www-ccdf.pdf Graphic file (type pdf)

<use Figures/barabasi-www-ccdf.pdf>
Package pdftex.def Info: Figures/barabasi-www-ccdf.pdf used on input line 9.
(pdftex.def)             Requested size: 201.59692pt x 151.20079pt.

<<<<<<< Updated upstream
<Figures/enron-mail.pdf, id=74, 421.575pt x 316.18124pt>
=======
<Figures/enron-mail.pdf, id=77, 421.575pt x 316.18124pt>
>>>>>>> Stashed changes
File: Figures/enron-mail.pdf Graphic file (type pdf)

<use Figures/enron-mail.pdf>
Package pdftex.def Info: Figures/enron-mail.pdf used on input line 13.
(pdftex.def)             Requested size: 201.59692pt x 151.20079pt.

<<<<<<< Updated upstream
<Figures/enron-mail-ccdf.pdf, id=75, 421.575pt x 316.18124pt>
=======
<Figures/enron-mail-ccdf.pdf, id=78, 421.575pt x 316.18124pt>
>>>>>>> Stashed changes
File: Figures/enron-mail-ccdf.pdf Graphic file (type pdf)

<use Figures/enron-mail-ccdf.pdf>
Package pdftex.def Info: Figures/enron-mail-ccdf.pdf used on input line 16.
(pdftex.def)             Requested size: 201.59692pt x 151.20079pt.

<<<<<<< Updated upstream
<Figures/internet.pdf, id=76, 421.575pt x 316.18124pt>
=======
<Figures/internet.pdf, id=79, 421.575pt x 316.18124pt>
>>>>>>> Stashed changes
File: Figures/internet.pdf Graphic file (type pdf)

<use Figures/internet.pdf>
Package pdftex.def Info: Figures/internet.pdf used on input line 20.
(pdftex.def)             Requested size: 201.59692pt x 151.20079pt.

<<<<<<< Updated upstream
<Figures/internet-ccdf.pdf, id=77, 421.575pt x 316.18124pt>
=======
<Figures/internet-ccdf.pdf, id=80, 421.575pt x 316.18124pt>
>>>>>>> Stashed changes
File: Figures/internet-ccdf.pdf Graphic file (type pdf)

<use Figures/internet-ccdf.pdf>
Package pdftex.def Info: Figures/internet-ccdf.pdf used on input line 23.
(pdftex.def)             Requested size: 201.59692pt x 151.20079pt.
<<<<<<< Updated upstream


LaTeX Warning: Citation `clauset2009power' on page \thepage  undefined on input
 line 24.


LaTeX Warning: Citation `clauset2009power' on page \thepage  undefined on input
 line 24.

) <Figures/synthetic-300k-alpha22.pdf, id=78, 421.575pt x 316.18124pt>
File: Figures/synthetic-300k-alpha22.pdf Graphic file (type pdf)

<use Figures/synthetic-300k-alpha22.pdf>
Package pdftex.def Info: Figures/synthetic-300k-alpha22.pdf used on input line 
88.
(pdftex.def)             Requested size: 201.59692pt x 151.20079pt.

<Figures/synthetic-1M-26.pdf, id=79, 421.575pt x 316.18124pt>
File: Figures/synthetic-1M-26.pdf Graphic file (type pdf)

<use Figures/synthetic-1M-26.pdf>
Package pdftex.def Info: Figures/synthetic-1M-26.pdf used on input line 92.
(pdftex.def)             Requested size: 201.59692pt x 151.20079pt.


LaTeX Warning: Citation `adjiashvili2014labeling' on page \thepage  undefined o
n input line 99.


LaTeX Warning: Citation `alstrup2014adjacency' on page \thepage  undefined on i
nput line 99.


LaTeX Warning: Citation `adjiashvili2014labeling' on page \thepage  undefined o
n input line 106.


LaTeX Warning: Citation `alstrup2014adjacency' on page \thepage  undefined on i
nput line 106.


Overfull \hbox (1.41862pt too wide) in paragraph at lines 105--119
[][] 
 []


LaTeX Warning: Citation `adjiashvili2014labeling' on page \thepage  undefined o
n input line 128.

[8]
=======
)
Overfull \hbox (1.04263pt too wide) in paragraph at lines 107--121
[][] 
 []

[8]) [9 <./Figures/synthetic-300k-alpha22.pdf> <./Figures/synthetic-1M-26.pdf>]
(./WWW.bbl
>>>>>>> Stashed changes
Underfull \vbox (badness 10000) has occurred while \output is active []


Underfull \vbox (badness 10000) has occurred while \output is active []
<<<<<<< Updated upstream

 [9 <./Figures/barabasi-www.pdf> <./Figures/barabasi-www-ccdf.pdf> <./Figures/e
nron-mail.pdf> <./Figures/enron-mail-ccdf.pdf> <./Figures/internet.pdf> <./Figu
res/internet-ccdf.pdf>]

LaTeX Warning: Citation `clauset2009power' on page \thepage  undefined on input
 line 153.

)
No file WWW.bbl.
=======

 [10 <./Figures/barabasi-www.pdf> <./Figures/barabasi-www-ccdf.pdf> <./Figures/
enron-mail.pdf> <./Figures/enron-mail-ccdf.pdf> <./Figures/internet.pdf> <./Fig
ures/internet-ccdf.pdf>]
Underfull \vbox (badness 10000) has occurred while \output is active []
>>>>>>> Stashed changes

Overfull \vbox (387.66086pt too high) has occurred while \output is active []


[10

 <./Figures/synthetic-300k-alpha22.pdf> <./Figures/synthetic-1M-26.pdf>]
(./WWW.aux) ) 
Here is how much of TeX's memory you used:
 3994 strings out of 494469
 55754 string characters out of 6166582
 131475 words of memory out of 5000000
 7112 multiletter control sequences out of 15000+600000
 65073 words of font info for 100 fonts, out of 8000000 for 9000
<<<<<<< Updated upstream
 350 hyphenation exceptions out of 8191
 44i,15n,47p,1003b,468s stack positions out of 5000i,500n,10000p,200000b,80000s
{/usr/share/texlive/texmf-dist/fonts/enc/dvips/base/8r.enc}</usr/s
hare/texlive/texmf-dist/fonts/type1/public/amsfonts/cm/cmbx8.pfb></usr/share/te
xlive/texmf-dist/fonts/type1/public/amsfonts/cm/cmbx9.pfb></usr/share/texlive/t
exmf-dist/fonts/type1/public/amsfonts/cm/cmcsc10.pfb></usr/share/texlive/texmf-
dist/fonts/type1/public/amsfonts/cmextra/cmex9.pfb></usr/share/texlive/texmf-di
st/fonts/type1/public/amsfonts/cm/cmmi5.pfb></usr/share/texlive/texmf-dist/font
s/type1/public/amsfonts/cm/cmmi6.pfb></usr/share/texlive/texmf-dist/fonts/type1
/public/amsfonts/cm/cmmi8.pfb></usr/share/texlive/texmf-dist/fonts/type1/public
/amsfonts/cm/cmmi9.pfb></usr/share/texlive/texmf-dist/fonts/type1/public/amsfon
ts/cm/cmr5.pfb></usr/share/texlive/texmf-dist/fonts/type1/public/amsfonts/cm/cm
r6.pfb></usr/share/texlive/texmf-dist/fonts/type1/public/amsfonts/cm/cmr8.pfb><
/usr/share/texlive/texmf-dist/fonts/type1/public/amsfonts/cm/cmr9.pfb></usr/sha
re/texlive/texmf-dist/fonts/type1/public/amsfonts/cm/cmsy5.pfb></usr/share/texl
ive/texmf-dist/fonts/type1/public/amsfonts/cm/cmsy6.pfb></usr/share/texlive/tex
mf-dist/fonts/type1/public/amsfonts/cm/cmsy8.pfb></usr/share/texlive/texmf-dist
/fonts/type1/public/amsfonts/cm/cmsy9.pfb></usr/share/texlive/texmf-dist/fonts/
type1/public/amsfonts/cm/cmti9.pfb></usr/share/texlive/texmf-dist/fonts/type1/p
ublic/amsfonts/cm/cmtt8.pfb></usr/share/texlive/texmf-dist/fonts/type1/public/a
msfonts/cm/cmtt9.pfb></usr/share/texlive/texmf-dist/fonts/type1/public/amsfonts
/symbols/msam10.pfb></usr/share/texlive/texmf-dist/fonts/type1/public/amsfonts/
symbols/msbm10.pfb></usr/share/texlive/texmf-dist/fonts/type1/urw/helvetic/uhvb
8a.pfb></usr/share/texlive/texmf-dist/fonts/type1/urw/helvetic/uhvr8a.pfb></usr
/share/texlive/texmf-dist/fonts/type1/urw/times/utmb8a.pfb></usr/share/texlive/
texmf-dist/fonts/type1/urw/times/utmri8a.pfb>
Output written on WWW.pdf (10 pages, 534241 bytes).
=======
 1141 hyphenation exceptions out of 8191
 44i,15n,47p,1007b,466s stack positions out of 5000i,500n,10000p,200000b,80000s
{/usr/local/texlive/2014/texmf-dist/fonts/enc/dvips/base/8r.enc}</
usr/local/texlive/2014/texmf-dist/fonts/type1/public/amsfonts/cm/cmbx8.pfb></us
r/local/texlive/2014/texmf-dist/fonts/type1/public/amsfonts/cm/cmbx9.pfb></usr/
local/texlive/2014/texmf-dist/fonts/type1/public/amsfonts/cm/cmcsc10.pfb></usr/
local/texlive/2014/texmf-dist/fonts/type1/public/amsfonts/cmextra/cmex9.pfb></u
sr/local/texlive/2014/texmf-dist/fonts/type1/public/amsfonts/cm/cmmi5.pfb></usr
/local/texlive/2014/texmf-dist/fonts/type1/public/amsfonts/cm/cmmi6.pfb></usr/l
ocal/texlive/2014/texmf-dist/fonts/type1/public/amsfonts/cm/cmmi8.pfb></usr/loc
al/texlive/2014/texmf-dist/fonts/type1/public/amsfonts/cm/cmmi9.pfb></usr/local
/texlive/2014/texmf-dist/fonts/type1/public/amsfonts/cm/cmr5.pfb></usr/local/te
xlive/2014/texmf-dist/fonts/type1/public/amsfonts/cm/cmr6.pfb></usr/local/texli
ve/2014/texmf-dist/fonts/type1/public/amsfonts/cm/cmr8.pfb></usr/local/texlive/
2014/texmf-dist/fonts/type1/public/amsfonts/cm/cmr9.pfb></usr/local/texlive/201
4/texmf-dist/fonts/type1/public/amsfonts/cm/cmsy5.pfb></usr/local/texlive/2014/
texmf-dist/fonts/type1/public/amsfonts/cm/cmsy6.pfb></usr/local/texlive/2014/te
xmf-dist/fonts/type1/public/amsfonts/cm/cmsy8.pfb></usr/local/texlive/2014/texm
f-dist/fonts/type1/public/amsfonts/cm/cmsy9.pfb></usr/local/texlive/2014/texmf-
dist/fonts/type1/public/amsfonts/cm/cmti9.pfb></usr/local/texlive/2014/texmf-di
st/fonts/type1/public/amsfonts/cm/cmtt8.pfb></usr/local/texlive/2014/texmf-dist
/fonts/type1/public/amsfonts/cm/cmtt9.pfb></usr/local/texlive/2014/texmf-dist/f
onts/type1/public/amsfonts/symbols/msam10.pfb></usr/local/texlive/2014/texmf-di
st/fonts/type1/public/amsfonts/symbols/msbm10.pfb></usr/local/texlive/2014/texm
f-dist/fonts/type1/urw/helvetic/uhvb8a.pfb></usr/local/texlive/2014/texmf-dist/
fonts/type1/urw/helvetic/uhvr8a.pfb></usr/local/texlive/2014/texmf-dist/fonts/t
ype1/urw/times/utmb8a.pfb></usr/local/texlive/2014/texmf-dist/fonts/type1/urw/t
imes/utmri8a.pfb>
Output written on WWW.pdf (12 pages, 511730 bytes).
>>>>>>> Stashed changes
PDF statistics:
 249 PDF objects out of 1000 (max. 8388607)
 0 named destinations out of 1000 (max. 500000)
 51 words of extra memory for PDF output out of 10000 (max. 10000000)

